# JRE version: Java(TM) SE Runtime Environment (8.0_144-b01) (build 1.8.0_144-b01)
# Java VM: Java HotSpot(TM) 64-Bit Server VM (25.144-b01 mixed mode bsd-amd64 compressed oops)
Heap:
 PSYoungGen      total 36864K, used 2149K [0x0000000795580000, 0x0000000799400000, 0x00000007c0000000)
  eden space 35840K, 5% used [0x0000000795580000,0x0000000795799678,0x0000000797880000)
  from space 1024K, 0% used [0x0000000799200000,0x0000000799200000,0x0000000799300000)
  to   space 1024K, 0% used [0x0000000799300000,0x0000000799300000,0x0000000799400000)
 ParOldGen       total 47616K, used 17273K [0x0000000740000000, 0x0000000742e80000, 0x0000000795580000)
  object space 47616K, 36% used [0x0000000740000000,0x00000007410de4e0,0x0000000742e80000)
 Metaspace       used 9300K, capacity 9572K, committed 9728K, reserved 1058816K
  class space    used 1063K, capacity 1168K, committed 1280K, reserved 1048576K
GC Heap History (10 events):
Event: 787.877 GC heap before
{Heap before GC invocations=1776 (full 12):
 PSYoungGen      total 41472K, used 40032K [0x0000000795580000, 0x0000000799500000, 0x00000007c0000000)
  eden space 39936K, 100% used [0x0000000795580000,0x0000000797c80000,0x0000000797c80000)
  from space 1536K, 6% used [0x0000000799200000,0x0000000799218000,0x0000000799380000)
  to   space 1024K, 0% used [0x0000000799400000,0x0000000799400000,0x0000000799500000)
 ParOldGen       total 40448K, used 35578K [0x0000000740000000, 0x0000000742780000, 0x0000000795580000)
  object space 40448K, 87% used [0x0000000740000000,0x00000007422bea70,0x0000000742780000)
 Metaspace       used 9299K, capacity 9572K, committed 9728K, reserved 1058816K
  class space    used 1063K, capacity 1168K, committed 1280K, reserved 1048576K
Event: 787.878 GC heap after
Heap after GC invocations=1776 (full 12):
 PSYoungGen      total 39424K, used 128K [0x0000000795580000, 0x0000000799480000, 0x00000007c0000000)
  eden space 38912K, 0% used [0x0000000795580000,0x0000000795580000,0x0000000797b80000)
  from space 512K, 25% used [0x0000000799400000,0x0000000799420000,0x0000000799480000)
  to   space 1024K, 0% used [0x0000000799280000,0x0000000799280000,0x0000000799380000)
 ParOldGen       total 40448K, used 35602K [0x0000000740000000, 0x0000000742780000, 0x0000000795580000)
  object space 40448K, 88% used [0x0000000740000000,0x00000007422c4a70,0x0000000742780000)
 Metaspace       used 9299K, capacity 9572K, committed 9728K, reserved 1058816K
  class space    used 1063K, capacity 1168K, committed 1280K, reserved 1048576K
}
Event: 789.789 GC heap before
{Heap before GC invocations=1777 (full 12):
 PSYoungGen      total 39424K, used 39040K [0x0000000795580000, 0x0000000799480000, 0x00000007c0000000)
  eden space 38912K, 100% used [0x0000000795580000,0x0000000797b80000,0x0000000797b80000)
  from space 512K, 25% used [0x0000000799400000,0x0000000799420000,0x0000000799480000)
  to   space 1024K, 0% used [0x0000000799280000,0x0000000799280000,0x0000000799380000)
 ParOldGen       total 40448K, used 35602K [0x0000000740000000, 0x0000000742780000, 0x0000000795580000)
  object space 40448K, 88% used [0x0000000740000000,0x00000007422c4a70,0x0000000742780000)
 Metaspace       used 9299K, capacity 9572K, committed 9728K, reserved 1058816K
  class space    used 1063K, capacity 1168K, committed 1280K, reserved 1048576K
Event: 789.790 GC heap after
Heap after GC invocations=1777 (full 12):
 PSYoungGen      total 38912K, used 128K [0x0000000795580000, 0x0000000799480000, 0x00000007c0000000)
  eden space 37888K, 0% used [0x0000000795580000,0x0000000795580000,0x0000000797a80000)
  from space 1024K, 12% used [0x0000000799280000,0x00000007992a0000,0x0000000799380000)
  to   space 1024K, 0% used [0x0000000799380000,0x0000000799380000,0x0000000799480000)
 ParOldGen       total 40448K, used 35626K [0x0000000740000000, 0x0000000742780000, 0x0000000795580000)
  object space 40448K, 88% used [0x0000000740000000,0x00000007422caa70,0x0000000742780000)
 Metaspace       used 9299K, capacity 9572K, committed 9728K, reserved 1058816K
  class space    used 1063K, capacity 1168K, committed 1280K, reserved 1048576K
}
Event: 791.997 GC heap before
{Heap before GC invocations=1778 (full 12):
 PSYoungGen      total 38912K, used 38016K [0x0000000795580000, 0x0000000799480000, 0x00000007c0000000)
  eden space 37888K, 100% used [0x0000000795580000,0x0000000797a80000,0x0000000797a80000)
  from space 1024K, 12% used [0x0000000799280000,0x00000007992a0000,0x0000000799380000)
  to   space 1024K, 0% used [0x0000000799380000,0x0000000799380000,0x0000000799480000)
 ParOldGen       total 40448K, used 35626K [0x0000000740000000, 0x0000000742780000, 0x0000000795580000)
  object space 40448K, 88% used [0x0000000740000000,0x00000007422caa70,0x0000000742780000)
 Metaspace       used 9299K, capacity 9572K, committed 9728K, reserved 1058816K
  class space    used 1063K, capacity 1168K, committed 1280K, reserved 1048576K
Event: 791.997 GC heap after
Heap after GC invocations=1778 (full 12):
 PSYoungGen      total 37376K, used 128K [0x0000000795580000, 0x0000000799400000, 0x00000007c0000000)
  eden space 36864K, 0% used [0x0000000795580000,0x0000000795580000,0x0000000797980000)
  from space 512K, 25% used [0x0000000799380000,0x00000007993a0000,0x0000000799400000)
  to   space 1024K, 0% used [0x0000000799200000,0x0000000799200000,0x0000000799300000)
 ParOldGen       total 40448K, used 35650K [0x0000000740000000, 0x0000000742780000, 0x0000000795580000)
  object space 40448K, 88% used [0x0000000740000000,0x00000007422d0a70,0x0000000742780000)
 Metaspace       used 9299K, capacity 9572K, committed 9728K, reserved 1058816K
  class space    used 1063K, capacity 1168K, committed 1280K, reserved 1048576K
}
Event: 792.617 GC heap before
{Heap before GC invocations=1779 (full 12):
 PSYoungGen      total 37376K, used 36992K [0x0000000795580000, 0x0000000799400000, 0x00000007c0000000)
  eden space 36864K, 100% used [0x0000000795580000,0x0000000797980000,0x0000000797980000)
  from space 512K, 25% used [0x0000000799380000,0x00000007993a0000,0x0000000799400000)
  to   space 1024K, 0% used [0x0000000799200000,0x0000000799200000,0x0000000799300000)
 ParOldGen       total 40448K, used 35650K [0x0000000740000000, 0x0000000742780000, 0x0000000795580000)
  object space 40448K, 88% used [0x0000000740000000,0x00000007422d0a70,0x0000000742780000)
 Metaspace       used 9300K, capacity 9572K, committed 9728K, reserved 1058816K
  class space    used 1063K, capacity 1168K, committed 1280K, reserved 1048576K
Event: 792.628 GC heap after
Heap after GC invocations=1779 (full 12):
 PSYoungGen      total 36864K, used 1024K [0x0000000795580000, 0x0000000799400000, 0x00000007c0000000)
  eden space 35840K, 0% used [0x0000000795580000,0x0000000795580000,0x0000000797880000)
  from space 1024K, 100% used [0x0000000799200000,0x0000000799300000,0x0000000799300000)
  to   space 1024K, 0% used [0x0000000799300000,0x0000000799300000,0x0000000799400000)
 ParOldGen       total 43008K, used 42170K [0x0000000740000000, 0x0000000742a00000, 0x0000000795580000)
  object space 43008K, 98% used [0x0000000740000000,0x000000074292ea70,0x0000000742a00000)
 Metaspace       used 9300K, capacity 9572K, committed 9728K, reserved 1058816K
  class space    used 1063K, capacity 1168K, committed 1280K, reserved 1048576K
}
Event: 792.628 GC heap before
{Heap before GC invocations=1780 (full 13):
 PSYoungGen      total 36864K, used 1024K [0x0000000795580000, 0x0000000799400000, 0x00000007c0000000)
  eden space 35840K, 0% used [0x0000000795580000,0x0000000795580000,0x0000000797880000)
  from space 1024K, 100% used [0x0000000799200000,0x0000000799300000,0x0000000799300000)
  to   space 1024K, 0% used [0x0000000799300000,0x0000000799300000,0x0000000799400000)
 ParOldGen       total 43008K, used 42170K [0x0000000740000000, 0x0000000742a00000, 0x0000000795580000)
  object space 43008K, 98% used [0x0000000740000000,0x000000074292ea70,0x0000000742a00000)
 Metaspace       used 9300K, capacity 9572K, committed 9728K, reserved 1058816K
  class space    used 1063K, capacity 1168K, committed 1280K, reserved 1048576K
Event: 792.656 GC heap after
Heap after GC invocations=1780 (full 13):
 PSYoungGen      total 36864K, used 0K [0x0000000795580000, 0x0000000799400000, 0x00000007c0000000)
  eden space 35840K, 0% used [0x0000000795580000,0x0000000795580000,0x0000000797880000)
  from space 1024K, 0% used [0x0000000799200000,0x0000000799200000,0x0000000799300000)
  to   space 1024K, 0% used [0x0000000799300000,0x0000000799300000,0x0000000799400000)
 ParOldGen       total 47616K, used 17273K [0x0000000740000000, 0x0000000742e80000, 0x0000000795580000)
  object space 47616K, 36% used [0x0000000740000000,0x00000007410de4e0,0x0000000742e80000)
 Metaspace       used 9300K, capacity 9572K, committed 9728K, reserved 1058816K
  class space    used 1063K, capacity 1168K, committed 1280K, reserved 1048576K
}

